0 info it worked if it ends with ok
1 verbose cli [ '/usr/bin/nodejs', '/usr/bin/npm', 'install', 'jspm', '-g' ]
2 info using npm@1.4.21
3 info using node@v0.10.25
4 verbose cache add [ 'jspm', null ]
5 verbose cache add name=undefined spec="jspm" args=["jspm",null]
6 verbose parsed url { protocol: null,
6 verbose parsed url   slashes: null,
6 verbose parsed url   auth: null,
6 verbose parsed url   host: null,
6 verbose parsed url   port: null,
6 verbose parsed url   hostname: null,
6 verbose parsed url   hash: null,
6 verbose parsed url   search: null,
6 verbose parsed url   query: null,
6 verbose parsed url   pathname: 'jspm',
6 verbose parsed url   path: 'jspm',
6 verbose parsed url   href: 'jspm' }
7 silly lockFile 40e8134c-jspm jspm
8 verbose lock jspm /home/odroid/.npm/40e8134c-jspm.lock
9 silly lockFile 40e8134c-jspm jspm
10 silly lockFile 40e8134c-jspm jspm
11 verbose addNamed [ 'jspm', '' ]
12 verbose addNamed [ null, '*' ]
13 silly lockFile f3b9302e-jspm jspm@
14 verbose lock jspm@ /home/odroid/.npm/f3b9302e-jspm.lock
15 silly addNameRange { name: 'jspm', range: '*', hasData: false }
16 verbose request where is /jspm
17 verbose request registry https://registry.npmjs.org/
18 verbose request id c872b38bedb9074f
19 verbose url raw /jspm
20 verbose url resolving [ 'https://registry.npmjs.org/', './jspm' ]
21 verbose url resolved https://registry.npmjs.org/jspm
22 verbose request where is https://registry.npmjs.org/jspm
23 info trying registry request attempt 1 at 16:11:41
24 verbose etag W/"594125f2-53046"
25 http GET https://registry.npmjs.org/jspm
26 http 304 https://registry.npmjs.org/jspm
27 silly registry.get cb [ 304,
27 silly registry.get   { date: 'Sun, 16 Jul 2017 16:11:41 GMT',
27 silly registry.get     via: '1.1 varnish',
27 silly registry.get     'cache-control': 'max-age=300',
27 silly registry.get     etag: 'W/"594125f2-53046"',
27 silly registry.get     age: '0',
27 silly registry.get     connection: 'keep-alive',
27 silly registry.get     'x-served-by': 'cache-cdg8733-CDG',
27 silly registry.get     'x-cache': 'HIT',
27 silly registry.get     'x-cache-hits': '1',
27 silly registry.get     'x-timer': 'S1500221502.861143,VS0,VE14',
27 silly registry.get     vary: 'Accept-Encoding, Accept' } ]
28 verbose etag https://registry.npmjs.org/jspm from cache
29 silly addNameRange number 2 { name: 'jspm', range: '*', hasData: true }
30 silly addNameRange versions [ 'jspm',
30 silly addNameRange   [ '0.0.1',
30 silly addNameRange     '0.0.2',
30 silly addNameRange     '0.0.3',
30 silly addNameRange     '0.0.4',
30 silly addNameRange     '0.0.5',
30 silly addNameRange     '0.0.6',
30 silly addNameRange     '0.0.7',
30 silly addNameRange     '0.0.8',
30 silly addNameRange     '0.1.0',
30 silly addNameRange     '0.1.1',
30 silly addNameRange     '0.2.0',
30 silly addNameRange     '0.3.0',
30 silly addNameRange     '0.3.1',
30 silly addNameRange     '0.3.2',
30 silly addNameRange     '0.3.3',
30 silly addNameRange     '0.3.4',
30 silly addNameRange     '0.3.5',
30 silly addNameRange     '0.3.6',
30 silly addNameRange     '0.3.7',
30 silly addNameRange     '0.3.8',
30 silly addNameRange     '0.3.9',
30 silly addNameRange     '0.3.10',
30 silly addNameRange     '0.4.0',
30 silly addNameRange     '0.4.1',
30 silly addNameRange     '0.4.2',
30 silly addNameRange     '0.4.3',
30 silly addNameRange     '0.5.0-beta',
30 silly addNameRange     '0.5.0',
30 silly addNameRange     '0.5.1',
30 silly addNameRange     '0.5.2',
30 silly addNameRange     '0.5.3',
30 silly addNameRange     '0.5.4',
30 silly addNameRange     '0.5.5',
30 silly addNameRange     '0.5.6',
30 silly addNameRange     '0.5.7',
30 silly addNameRange     '0.5.8',
30 silly addNameRange     '0.5.9',
30 silly addNameRange     '0.5.10',
30 silly addNameRange     '0.5.11',
30 silly addNameRange     '0.5.12',
30 silly addNameRange     '0.5.13',
30 silly addNameRange     '0.5.14',
30 silly addNameRange     '0.5.15',
30 silly addNameRange     '0.5.16',
30 silly addNameRange     '0.6.0',
30 silly addNameRange     '0.6.1',
30 silly addNameRange     '0.6.2',
30 silly addNameRange     '0.6.3',
30 silly addNameRange     '0.6.4',
30 silly addNameRange     '0.6.5',
30 silly addNameRange     '0.6.6',
30 silly addNameRange     '0.6.7',
30 silly addNameRange     '0.6.8',
30 silly addNameRange     '0.6.9',
30 silly addNameRange     '0.6.10',
30 silly addNameRange     '0.6.11',
30 silly addNameRange     '0.6.12',
30 silly addNameRange     '0.7.0-beta.1',
30 silly addNameRange     '0.7.0-beta.2',
30 silly addNameRange     '0.7.0-beta.3',
30 silly addNameRange     '0.7.0-beta.4',
30 silly addNameRange     '0.7.0-beta.5',
30 silly addNameRange     '0.7.0-beta.6',
30 silly addNameRange     '0.7.0-beta.7',
30 silly addNameRange     '0.7.0-beta.8',
30 silly addNameRange     '0.7.0-beta.9',
30 silly addNameRange     '0.7.0-beta.10',
30 silly addNameRange     '0.6.13',
30 silly addNameRange     '0.7.0-beta.11',
30 silly addNameRange     '0.7.0-beta.12',
30 silly addNameRange     '0.7.0-beta.13',
30 silly addNameRange     '0.7.0-beta.14',
30 silly addNameRange     '0.7.0-beta.15',
30 silly addNameRange     '0.7.0-beta.16',
30 silly addNameRange     '0.7.0-beta.17',
30 silly addNameRange     '0.7.0-beta.18',
30 silly addNameRange     '0.7.0-beta.19',
30 silly addNameRange     '0.7.0-beta.20',
30 silly addNameRange     '0.7.0',
30 silly addNameRange     '0.7.1',
30 silly addNameRange     '0.8.0-beta.1',
30 silly addNameRange     '0.8.0-beta.2',
30 silly addNameRange     '0.8.0-beta.3',
30 silly addNameRange     '0.8.0-beta.4',
30 silly addNameRange     '0.7.2',
30 silly addNameRange     '0.8.0-beta.5',
30 silly addNameRange     '0.8.0-beta.6',
30 silly addNameRange     '0.7.3',
30 silly addNameRange     '0.8.0-beta.7',
30 silly addNameRange     '0.8.0-beta.8',
30 silly addNameRange     '0.8.0-beta.9',
30 silly addNameRange     '0.8.0-beta.10',
30 silly addNameRange     '0.8.0-beta.11',
30 silly addNameRange     '0.8.0-beta.12',
30 silly addNameRange     '0.8.0',
30 silly addNameRange     '0.8.1',
30 silly addNameRange     '0.8.2',
30 silly addNameRange     '0.8.3',
30 silly addNameRange     '0.8.4',
30 silly addNameRange     '0.9.0-beta.1',
30 silly addNameRange     '0.8.5',
30 silly addNameRange     '0.9.0-beta.2',
30 silly addNameRange     '0.8.6',
30 silly addNameRange     '0.9.0',
30 silly addNameRange     '0.10.0',
30 silly addNameRange     '0.10.1',
30 silly addNameRange     '0.10.2',
30 silly addNameRange     '0.10.3',
30 silly addNameRange     '0.10.4',
30 silly addNameRange     '0.10.5',
30 silly addNameRange     '0.10.6',
30 silly addNameRange     '0.11.0',
30 silly addNameRange     '0.11.1',
30 silly addNameRange     '0.11.2',
30 silly addNameRange     '0.11.3',
30 silly addNameRange     '0.11.4',
30 silly addNameRange     '0.11.5',
30 silly addNameRange     '0.11.6',
30 silly addNameRange     '0.12.0',
30 silly addNameRange     '0.13.0',
30 silly addNameRange     '0.13.1',
30 silly addNameRange     '0.13.2',
30 silly addNameRange     '0.13.3',
30 silly addNameRange     '0.13.4',
30 silly addNameRange     '0.14.0',
30 silly addNameRange     '0.15.0-beta',
30 silly addNameRange     '0.15.0',
30 silly addNameRange     '0.15.1',
30 silly addNameRange     '0.15.2',
30 silly addNameRange     '0.15.3',
30 silly addNameRange     '0.15.4',
30 silly addNameRange     '0.15.5',
30 silly addNameRange     '0.15.6',
30 silly addNameRange     '0.16.0-beta',
30 silly addNameRange     '0.15.7',
30 silly addNameRange     '0.16.0-beta.2',
30 silly addNameRange     '0.16.0-beta.3',
30 silly addNameRange     '0.16.0-beta.4',
30 silly addNameRange     '0.16.0-beta.5',
30 silly addNameRange     '0.16.0-beta.6',
30 silly addNameRange     '0.16.0-beta.7',
30 silly addNameRange     '0.16.0',
30 silly addNameRange     '0.16.1',
30 silly addNameRange     '0.16.2',
30 silly addNameRange     '0.16.3',
30 silly addNameRange     '0.16.4',
30 silly addNameRange     '0.16.5',
30 silly addNameRange     '0.16.6',
30 silly addNameRange     '0.16.7',
30 silly addNameRange     '0.16.8',
30 silly addNameRange     '0.16.9',
30 silly addNameRange     '0.16.10',
30 silly addNameRange     '0.16.11',
30 silly addNameRange     '0.16.12',
30 silly addNameRange     '0.16.13',
30 silly addNameRange     '0.16.14',
30 silly addNameRange     '0.16.15',
30 silly addNameRange     '0.16.16',
30 silly addNameRange     '0.16.17',
30 silly addNameRange     '0.16.18',
30 silly addNameRange     '0.16.19',
30 silly addNameRange     '0.16.20',
30 silly addNameRange     '0.17.0-beta',
30 silly addNameRange     '0.16.21',
30 silly addNameRange     '0.16.22',
30 silly addNameRange     '0.16.23',
30 silly addNameRange     '0.17.0-beta.2',
30 silly addNameRange     '0.17.0-beta.3',
30 silly addNameRange     '0.16.24',
30 silly addNameRange     '0.16.25',
30 silly addNameRange     '0.17.0-beta.4',
30 silly addNameRange     '0.17.0-beta.5',
30 silly addNameRange     '0.16.26',
30 silly addNameRange     '0.16.27',
30 silly addNameRange     '0.17.0-beta.6',
30 silly addNameRange     '0.16.28',
30 silly addNameRange     '0.17.0-beta.7',
30 silly addNameRange     '0.16.29',
30 silly addNameRange     '0.16.30',
30 silly addNameRange     '0.17.0-beta.8',
30 silly addNameRange     '0.17.0-beta.9',
30 silly addNameRange     '0.17.0-beta.10',
30 silly addNameRange     '0.16.31',
30 silly addNameRange     '0.17.0-beta.11',
30 silly addNameRange     '0.16.32',
30 silly addNameRange     '0.17.0-beta.12',
30 silly addNameRange     '0.16.33',
30 silly addNameRange     '0.17.0-beta.13',
30 silly addNameRange     '0.16.34',
30 silly addNameRange     '0.17.0-beta.14',
30 silly addNameRange     '0.16.35',
30 silly addNameRange     '0.17.0-beta.15',
30 silly addNameRange     '0.17.0-beta.16',
30 silly addNameRange     '0.16.36',
30 silly addNameRange     '0.17.0-beta.17',
30 silly addNameRange     '0.16.37',
30 silly addNameRange     '0.17.0-beta.18',
30 silly addNameRange     '0.16.38',
30 silly addNameRange     '0.17.0-beta.19',
30 silly addNameRange     '0.16.39',
30 silly addNameRange     '0.17.0-beta.20',
30 silly addNameRange     '0.17.0-beta.21',
30 silly addNameRange     '0.17.0-beta.22',
30 silly addNameRange     '0.16.40',
30 silly addNameRange     '0.17.0-beta.23',
30 silly addNameRange     '0.17.0-beta.24',
30 silly addNameRange     '0.16.41',
30 silly addNameRange     '0.16.42',
30 silly addNameRange     '0.17.0-beta.25',
30 silly addNameRange     '0.16.43',
30 silly addNameRange     '0.17.0-beta.26',
30 silly addNameRange     '0.16.44',
30 silly addNameRange     '0.17.0-beta.27',
30 silly addNameRange     '0.16.45',
30 silly addNameRange     '0.17.0-beta.28',
30 silly addNameRange     '0.16.46',
30 silly addNameRange     '0.17.0-beta.29',
30 silly addNameRange     '0.16.47',
30 silly addNameRange     '0.17.0-beta.30',
30 silly addNameRange     '0.17.0-beta.31',
30 silly addNameRange     '0.16.48',
30 silly addNameRange     '0.17.0-beta.32',
30 silly addNameRange     '0.16.49',
30 silly addNameRange     '0.17.0-beta.33',
30 silly addNameRange     '0.16.50',
30 silly addNameRange     '0.17.0-beta.34',
30 silly addNameRange     '0.16.51',
30 silly addNameRange     '0.17.0-beta.35',
30 silly addNameRange     '0.17.0-beta.36',
30 silly addNameRange     '0.16.52',
30 silly addNameRange     '0.17.0-beta.37',
30 silly addNameRange     '0.17.0-beta.38',
30 silly addNameRange     '0.17.0-beta.39',
30 silly addNameRange     '0.17.0-beta.40',
30 silly addNameRange     '0.16.53',
30 silly addNameRange     '0.17.0-beta.41',
30 silly addNameRange     '0.17.0-beta.42' ] ]
31 verbose addNamed [ 'jspm', '0.16.53' ]
32 verbose addNamed [ '0.16.53', '0.16.53' ]
33 silly lockFile 21d9f03b-jspm-0-16-53 jspm@0.16.53
34 verbose lock jspm@0.16.53 /home/odroid/.npm/21d9f03b-jspm-0-16-53.lock
35 silly lockFile 21d9f03b-jspm-0-16-53 jspm@0.16.53
36 silly lockFile 21d9f03b-jspm-0-16-53 jspm@0.16.53
37 silly lockFile f3b9302e-jspm jspm@
38 silly lockFile f3b9302e-jspm jspm@
39 silly resolved [ { name: 'jspm',
39 silly resolved     description: 'Registry and format agnostic JavaScript package manager',
39 silly resolved     version: '0.16.53',
39 silly resolved     main: './api.js',
39 silly resolved     author: '',
39 silly resolved     dependencies:
39 silly resolved      { chalk: '^1.1.1',
39 silly resolved        'core-js': '^1.2.6',
39 silly resolved        glob: '^6.0.1',
39 silly resolved        'graceful-fs': '^4.1.2',
39 silly resolved        'jspm-github': '^0.13.17',
39 silly resolved        'jspm-npm': '^0.26.12',
39 silly resolved        'jspm-registry': '^0.4.0',
39 silly resolved        liftoff: '^2.2.0',
39 silly resolved        minimatch: '^3.0.0',
39 silly resolved        mkdirp: '~0.5.1',
39 silly resolved        ncp: '^2.0.0',
39 silly resolved        'proper-lockfile': '^1.1.2',
39 silly resolved        request: '^2.67.0',
39 silly resolved        rimraf: '^2.4.4',
39 silly resolved        rsvp: '^3.1.0',
39 silly resolved        semver: '^5.1.0',
39 silly resolved        systemjs: '0.19.46',
39 silly resolved        'systemjs-builder': '0.15.36',
39 silly resolved        traceur: '0.0.105',
39 silly resolved        'uglify-js': '^2.6.1' },
39 silly resolved     registry: 'npm',
39 silly resolved     devDependencies: { istanbul: '^0.3.13', jshint: '~2.8.0', mocha: '~2.2.5' },
39 silly resolved     repository: { type: 'git', url: 'git+https://github.com/jspm/jspm.git' },
39 silly resolved     bin: { jspm: './jspm.js' },
39 silly resolved     scripts:
39 silly resolved      { test: 'npm run jshint && npm run mocha',
39 silly resolved        istanbul: 'istanbul cover ./node_modules/.bin/_mocha -i=\'lib/**/*.js\'',
39 silly resolved        coverage: 'npm run istanbul -- --report html',
39 silly resolved        mocha: 'mocha',
39 silly resolved        jshint: 'jshint api.js cli.js jspm.js lib test',
39 silly resolved        gitbook: 'gitbook build docs' },
39 silly resolved     bugs: { url: 'https://github.com/jspm/jspm/issues' },
39 silly resolved     homepage: 'https://github.com/jspm/jspm',
39 silly resolved     directories: { test: 'test' },
39 silly resolved     files:
39 silly resolved      [ 'lib',
39 silly resolved        'LICENSE',
39 silly resolved        'CONTRIBUTORS',
39 silly resolved        'README.md',
39 silly resolved        'api.js',
39 silly resolved        'cli.js',
39 silly resolved        'jspm.js',
39 silly resolved        'docs' ],
39 silly resolved     license: 'Apache-2.0',
39 silly resolved     gitHead: '4e014a499e17eb812770911f27dbc561a7789e42',
39 silly resolved     _id: 'jspm@0.16.53',
39 silly resolved     _shasum: '56f351f49594c8933e5e01b65145acaebfcfb59e',
39 silly resolved     _from: 'jspm@',
39 silly resolved     _npmVersion: '4.1.2',
39 silly resolved     _nodeVersion: '7.7.3',
39 silly resolved     _npmUser: { name: 'guybedford', email: 'guybedford@gmail.com' },
39 silly resolved     dist:
39 silly resolved      { shasum: '56f351f49594c8933e5e01b65145acaebfcfb59e',
39 silly resolved        tarball: 'https://registry.npmjs.org/jspm/-/jspm-0.16.53.tgz' },
39 silly resolved     maintainers: [ [Object] ],
39 silly resolved     _npmOperationalInternal:
39 silly resolved      { host: 'packages-12-west.internal.npmjs.com',
39 silly resolved        tmp: 'tmp/jspm-0.16.53.tgz_1489664693613_0.4031002495903522' },
39 silly resolved     _resolved: 'https://registry.npmjs.org/jspm/-/jspm-0.16.53.tgz',
39 silly resolved     readme: 'ERROR: No README data found!' } ]
40 info install jspm@0.16.53 into /usr/local/lib
41 info installOne jspm@0.16.53
42 verbose lib/node_modules/jspm unbuild
43 info preuninstall jspm@0.16.53
44 info uninstall jspm@0.16.53
45 verbose true,/usr/local/lib/node_modules,/usr/local/lib/node_modules unbuild jspm@0.16.53
46 verbose /usr/local/bin,[object Object] binRoot
47 verbose lib/node_modules/jspm unbuild
48 info preuninstall jspm@0.16.53
49 info uninstall jspm@0.16.53
50 verbose true,/usr/local/lib/node_modules,/usr/local/lib/node_modules unbuild jspm@0.16.53
51 verbose /usr/local/bin,[object Object] binRoot
52 error error rolling back Error: EACCES, unlink '/usr/local/bin/jspm'
52 error error rolling back  jspm@0.16.53 { [Error: EACCES, unlink '/usr/local/bin/jspm'] errno: 3, code: 'EACCES', path: '/usr/local/bin/jspm' }
53 error Error: EACCES, unlink '/usr/local/bin/jspm'
53 error  { [Error: EACCES, unlink '/usr/local/bin/jspm'] errno: 3, code: 'EACCES', path: '/usr/local/bin/jspm' }
54 error Please try running this command again as root/Administrator.
55 error System Linux 3.10.96-86
56 error command "/usr/bin/nodejs" "/usr/bin/npm" "install" "jspm" "-g"
57 error cwd /home/odroid/Development/naheulbeuck
58 error node -v v0.10.25
59 error npm -v 1.4.21
60 error path /usr/local/bin/jspm
61 error code EACCES
62 error errno 3
63 error stack Error: EACCES, unlink '/usr/local/bin/jspm'
64 verbose exit [ 3, true ]
